<?xml version="1.0" encoding="UTF-8"?>
<testsuite xmlns:xsi="http://www.w3.org/2001/XMLSchema-instance" xsi:noNamespaceSchemaLocation="https://maven.apache.org/surefire/maven-surefire-plugin/xsd/surefire-test-report-3.0.xsd" version="3.0" name="TestDiscount" time="0.148" tests="3" errors="0" skipped="0" failures="0">
  <properties>
[...]
</properties>
  <testcase name="shouldNotGiveDiscount" classname="TestDiscount" time="0.016"/>
  <testcase name="shouldGiveDiscount" classname="TestDiscount" time="0"/>
  <testcase name="shouldGiveError" classname="TestDiscount" time="0"/>
</testsuite>